2026-06-08 14:34:53 INFO  TestListener - Test execution started: ParaBank Regression Tests
2026-06-08 14:34:58 INFO  TestListener - Test started: registerNewCustomer
2026-06-08 14:35:01 INFO  TestListener - Test passed: registerNewCustomer
2026-06-08 14:35:03 INFO  TestListener - Test started: invalidLoginTest
2026-06-08 14:35:05 INFO  TestListener - Test passed: invalidLoginTest
2026-06-08 14:35:07 INFO  TestListener - Test started: invalidLoginTest
2026-06-08 14:35:10 INFO  TestListener - Test passed: invalidLoginTest
2026-06-08 14:35:11 INFO  TestListener - Test started: invalidLoginTest
2026-06-08 14:35:15 INFO  TestListener - Test passed: invalidLoginTest
2026-06-08 14:35:18 INFO  TestListener - Test started: validLoginTest
2026-06-08 14:35:20 INFO  TestListener - Test passed: validLoginTest
2026-06-08 14:35:23 INFO  TestListener - Test started: openNewSavingsAccountTest
2026-06-08 14:35:30 INFO  TestListener - Test passed: openNewSavingsAccountTest
2026-06-08 14:35:32 INFO  TestListener - Test started: transferFundsTest
2026-06-08 14:35:41 INFO  TestListener - Test passed: transferFundsTest
2026-06-08 14:35:43 INFO  TestListener - Test started: billPaymentTest
2026-06-08 14:35:46 INFO  TestListener - Test passed: billPaymentTest
2026-06-08 14:35:49 INFO  TestListener - Test started: findTransactionTest
2026-06-08 14:35:53 INFO  TestListener - Test passed: findTransactionTest
2026-06-08 14:35:56 INFO  TestListener - Test started: updateContactInfoTest
2026-06-08 14:35:58 INFO  TestListener - Test passed: updateContactInfoTest
2026-06-08 14:36:00 INFO  TestListener - Test started: requestLoanTest
2026-06-08 14:36:04 INFO  TestListener - Test passed: requestLoanTest
2026-06-08 14:36:10 INFO  TestListener - Test started: logoutTest
2026-06-08 14:36:15 INFO  TestListener - Test passed: logoutTest
2026-06-08 14:36:15 INFO  TestListener - Test execution finished: ParaBank Regression Tests
2026-06-08 14:38:08 INFO  TestListener - Test execution started: ParaBank Regression Tests
2026-06-08 14:38:11 INFO  TestListener - Test started: registerNewCustomer
2026-06-08 14:38:14 INFO  TestListener - Test passed: registerNewCustomer
2026-06-08 14:38:16 INFO  TestListener - Test started: invalidLoginTest
2026-06-08 14:38:17 INFO  TestListener - Test passed: invalidLoginTest
2026-06-08 14:38:19 INFO  TestListener - Test started: invalidLoginTest
2026-06-08 14:38:21 INFO  TestListener - Test passed: invalidLoginTest
2026-06-08 14:38:24 INFO  TestListener - Test started: invalidLoginTest
2026-06-08 14:38:25 INFO  TestListener - Test passed: invalidLoginTest
2026-06-08 14:38:31 INFO  TestListener - Test started: validLoginTest
2026-06-08 14:38:34 INFO  TestListener - Test passed: validLoginTest
2026-06-08 14:38:36 INFO  TestListener - Test started: openNewSavingsAccountTest
2026-06-08 14:38:43 INFO  TestListener - Test passed: openNewSavingsAccountTest
2026-06-08 14:38:45 INFO  TestListener - Test started: transferFundsTest
2026-06-08 14:38:52 INFO  TestListener - Test passed: transferFundsTest
2026-06-08 14:38:56 INFO  TestListener - Test started: billPaymentTest
2026-06-08 14:38:59 INFO  TestListener - Test passed: billPaymentTest
2026-06-08 14:39:05 INFO  TestListener - Test started: findTransactionTest
2026-06-08 14:39:11 INFO  TestListener - Test passed: findTransactionTest
2026-06-08 14:39:14 INFO  TestListener - Test started: updateContactInfoTest
2026-06-08 14:39:19 INFO  TestListener - Test passed: updateContactInfoTest
2026-06-08 14:39:21 INFO  TestListener - Test started: requestLoanTest
2026-06-08 14:39:25 INFO  TestListener - Test passed: requestLoanTest
2026-06-08 14:39:28 INFO  TestListener - Test started: logoutTest
2026-06-08 14:39:31 INFO  TestListener - Test passed: logoutTest
2026-06-08 14:39:31 INFO  TestListener - Test execution finished: ParaBank Regression Tests
2026-06-08 18:25:22 INFO  TestListener - Test execution started: Chrome Negative Tests
2026-06-08 18:25:26 INFO  TestListener - Test started: bug001_transferFundsAllowsNegativeAmount
2026-06-08 18:25:29 INFO  TestListener - Test passed: bug001_transferFundsAllowsNegativeAmount
2026-06-08 18:25:32 INFO  TestListener - Test started: bug002_billPaymentAllowsNegativeAmount
2026-06-08 18:25:36 INFO  TestListener - Test passed: bug002_billPaymentAllowsNegativeAmount
2026-06-08 18:25:37 INFO  TestListener - Test started: bug003_transferFundsAllowsSameSourceAndDestinationAccount
2026-06-08 18:25:41 INFO  TestListener - Test passed: bug003_transferFundsAllowsSameSourceAndDestinationAccount
2026-06-08 18:25:43 INFO  TestListener - Test started: bug004_billPayAcceptsMismatchedAccountNumbers
2026-06-08 18:25:47 INFO  TestListener - Test passed: bug004_billPayAcceptsMismatchedAccountNumbers
2026-06-08 18:25:47 INFO  TestListener - Test execution finished: Chrome Negative Tests
2026-06-08 19:29:19 INFO  TestListener - Test execution started: ParaBank Regression Tests
2026-06-08 19:29:23 INFO  TestListener - Test started: registerNewCustomer
2026-06-08 19:29:25 INFO  TestListener - Test passed: registerNewCustomer
2026-06-08 19:29:27 INFO  TestListener - Test started: invalidLoginTest
2026-06-08 19:29:30 INFO  TestListener - Test passed: invalidLoginTest
2026-06-08 19:29:32 INFO  TestListener - Test started: invalidLoginTest
2026-06-08 19:29:35 INFO  TestListener - Test passed: invalidLoginTest
2026-06-08 19:29:37 INFO  TestListener - Test started: invalidLoginTest
2026-06-08 19:29:40 INFO  TestListener - Test passed: invalidLoginTest
2026-06-08 19:29:41 INFO  TestListener - Test started: validLoginTest
2026-06-08 19:29:45 INFO  TestListener - Test passed: validLoginTest
2026-06-08 19:29:47 INFO  TestListener - Test started: openNewSavingsAccountTest
2026-06-08 19:29:50 INFO  TestListener - Test passed: openNewSavingsAccountTest
2026-06-08 19:29:53 INFO  TestListener - Test started: transferFundsTest
2026-06-08 19:29:56 INFO  TestListener - Screenshot attached: screenshots/transferFundsTest_20260608_192956.png
2026-06-08 19:29:56 ERROR TestListener - Test failed: transferFundsTest
java.lang.AssertionError: Intentional failure for screenshot generation
	at org.testng.Assert.fail(Assert.java:111) ~[testng-7.10.2.jar:7.10.2]
	at test.ParaBankTest.transferFundsTest(ParaBankTest.java:194) ~[test-classes/:?]
	at java.base/jdk.internal.reflect.DirectMethodHandleAccessor.invoke(DirectMethodHandleAccessor.java:104) ~[?:?]
	at java.base/java.lang.reflect.Method.invoke(Method.java:565) ~[?:?]
	at org.testng.internal.invokers.MethodInvocationHelper.invokeMethod(MethodInvocationHelper.java:141) ~[testng-7.10.2.jar:7.10.2]
	at org.testng.internal.invokers.TestInvoker.invokeMethod(TestInvoker.java:686) [testng-7.10.2.jar:7.10.2]
	at org.testng.internal.invokers.TestInvoker.invokeTestMethod(TestInvoker.java:230) [testng-7.10.2.jar:7.10.2]
	at org.testng.internal.invokers.MethodRunner.runInSequence(MethodRunner.java:63) [testng-7.10.2.jar:7.10.2]
	at org.testng.internal.invokers.TestInvoker$MethodInvocationAgent.invoke(TestInvoker.java:992) [testng-7.10.2.jar:7.10.2]
	at org.testng.internal.invokers.TestInvoker.invokeTestMethods(TestInvoker.java:203) [testng-7.10.2.jar:7.10.2]
	at org.testng.internal.invokers.TestMethodWorker.invokeTestMethods(TestMethodWorker.java:154) [testng-7.10.2.jar:7.10.2]
	at org.testng.internal.invokers.TestMethodWorker.run(TestMethodWorker.java:134) [testng-7.10.2.jar:7.10.2]
	at java.base/java.util.ArrayList.forEach(ArrayList.java:1612) [?:?]
	at org.testng.TestRunner.privateRun(TestRunner.java:739) [testng-7.10.2.jar:7.10.2]
	at org.testng.TestRunner.run(TestRunner.java:614) [testng-7.10.2.jar:7.10.2]
	at org.testng.SuiteRunner.runTest(SuiteRunner.java:421) [testng-7.10.2.jar:7.10.2]
	at org.testng.SuiteRunner.runSequentially(SuiteRunner.java:413) [testng-7.10.2.jar:7.10.2]
	at org.testng.SuiteRunner.privateRun(SuiteRunner.java:373) [testng-7.10.2.jar:7.10.2]
	at org.testng.SuiteRunner.run(SuiteRunner.java:312) [testng-7.10.2.jar:7.10.2]
	at org.testng.SuiteRunnerWorker.runSuite(SuiteRunnerWorker.java:52) [testng-7.10.2.jar:7.10.2]
	at org.testng.SuiteRunnerWorker.run(SuiteRunnerWorker.java:95) [testng-7.10.2.jar:7.10.2]
	at org.testng.TestNG.runSuitesSequentially(TestNG.java:1274) [testng-7.10.2.jar:7.10.2]
	at org.testng.TestNG.runSuitesLocally(TestNG.java:1208) [testng-7.10.2.jar:7.10.2]
	at org.testng.TestNG.runSuites(TestNG.java:1112) [testng-7.10.2.jar:7.10.2]
	at org.testng.TestNG.run(TestNG.java:1079) [testng-7.10.2.jar:7.10.2]
	at org.testng.remote.AbstractRemoteTestNG.run(AbstractRemoteTestNG.java:115) [testng-remote.jar:?]
	at org.testng.remote.RemoteTestNG.initAndRun(RemoteTestNG.java:293) [testng-remote.jar:?]
	at org.testng.remote.RemoteTestNG.main(RemoteTestNG.java:91) [testng-remote.jar:?]
2026-06-08 19:30:00 INFO  TestListener - Test started: billPaymentTest
2026-06-08 19:30:03 INFO  TestListener - Test passed: billPaymentTest
2026-06-08 19:30:07 INFO  TestListener - Test started: findTransactionTest
2026-06-08 19:30:10 INFO  TestListener - Test passed: findTransactionTest
2026-06-08 19:30:12 INFO  TestListener - Test started: updateContactInfoTest
2026-06-08 19:30:16 INFO  TestListener - Test passed: updateContactInfoTest
2026-06-08 19:30:18 INFO  TestListener - Test started: requestLoanTest
2026-06-08 19:30:22 INFO  TestListener - Test passed: requestLoanTest
2026-06-08 19:30:23 INFO  TestListener - Test started: logoutTest
2026-06-08 19:30:28 INFO  TestListener - Test passed: logoutTest
2026-06-08 19:30:28 INFO  TestListener - Test execution finished: ParaBank Regression Tests
2026-06-08 19:35:42 INFO  TestListener - Test execution started: ParaBank Regression Tests
2026-06-08 19:35:47 INFO  TestListener - Test started: registerNewCustomer
2026-06-08 19:35:49 INFO  TestListener - Test passed: registerNewCustomer
2026-06-08 19:35:52 INFO  TestListener - Test started: invalidLoginTest
2026-06-08 19:35:53 INFO  TestListener - Test passed: invalidLoginTest
2026-06-08 19:35:55 INFO  TestListener - Test started: invalidLoginTest
2026-06-08 19:35:58 INFO  TestListener - Test passed: invalidLoginTest
2026-06-08 19:36:01 INFO  TestListener - Test started: invalidLoginTest
2026-06-08 19:36:02 INFO  TestListener - Test passed: invalidLoginTest
2026-06-08 19:36:04 INFO  TestListener - Test started: validLoginTest
2026-06-08 19:36:06 INFO  TestListener - Test passed: validLoginTest
2026-06-08 19:36:07 INFO  TestListener - Test started: openNewSavingsAccountTest
2026-06-08 19:36:11 INFO  TestListener - Test passed: openNewSavingsAccountTest
2026-06-08 19:36:14 INFO  TestListener - Test started: transferFundsTest
2026-06-08 19:36:17 INFO  TestListener - Test passed: transferFundsTest
2026-06-08 19:36:19 INFO  TestListener - Test started: billPaymentTest
2026-06-08 19:36:23 INFO  TestListener - Test passed: billPaymentTest
2026-06-08 19:36:25 INFO  TestListener - Test started: findTransactionTest
2026-06-08 19:36:30 INFO  TestListener - Test passed: findTransactionTest
2026-06-08 19:36:33 INFO  TestListener - Test started: updateContactInfoTest
2026-06-08 19:36:35 INFO  TestListener - Test passed: updateContactInfoTest
2026-06-08 19:36:37 INFO  TestListener - Test started: requestLoanTest
2026-06-08 19:36:39 INFO  TestListener - Test passed: requestLoanTest
2026-06-08 19:36:41 INFO  TestListener - Test started: logoutTest
2026-06-08 19:36:44 INFO  TestListener - Test passed: logoutTest
2026-06-08 19:36:44 INFO  TestListener - Test execution finished: ParaBank Regression Tests
2026-06-08 19:37:42 INFO  TestListener - Test execution started: ParaBank Regression Tests
2026-06-08 19:37:47 INFO  TestListener - Test started: registerNewCustomer
2026-06-08 19:37:49 INFO  TestListener - Test passed: registerNewCustomer
2026-06-08 19:37:50 INFO  TestListener - Test started: invalidLoginTest
2026-06-08 19:37:53 INFO  TestListener - Test passed: invalidLoginTest
2026-06-08 19:37:56 INFO  TestListener - Test started: invalidLoginTest
2026-06-08 19:37:57 INFO  TestListener - Test passed: invalidLoginTest
2026-06-08 19:38:01 INFO  TestListener - Test started: invalidLoginTest
2026-06-08 19:38:02 INFO  TestListener - Test passed: invalidLoginTest
2026-06-08 19:38:03 INFO  TestListener - Test started: validLoginTest
2026-06-08 19:38:05 INFO  TestListener - Test passed: validLoginTest
2026-06-08 19:38:08 INFO  TestListener - Test started: openNewSavingsAccountTest
2026-06-08 19:38:10 INFO  TestListener - Test passed: openNewSavingsAccountTest
2026-06-08 19:38:13 INFO  TestListener - Test started: transferFundsTest
2026-06-08 19:38:16 INFO  TestListener - Test passed: transferFundsTest
2026-06-08 19:38:18 INFO  TestListener - Test started: billPaymentTest
2026-06-08 19:38:22 INFO  TestListener - Test passed: billPaymentTest
2026-06-08 19:38:24 INFO  TestListener - Test started: findTransactionTest
2026-06-08 19:38:29 INFO  TestListener - Test passed: findTransactionTest
2026-06-08 19:38:31 INFO  TestListener - Test started: updateContactInfoTest
2026-06-08 19:38:35 INFO  TestListener - Test passed: updateContactInfoTest
2026-06-08 19:38:36 INFO  TestListener - Test started: requestLoanTest
2026-06-08 19:38:39 INFO  TestListener - Test passed: requestLoanTest
2026-06-08 19:38:41 INFO  TestListener - Test started: logoutTest
2026-06-08 19:38:45 INFO  TestListener - Test passed: logoutTest
2026-06-08 19:38:45 INFO  TestListener - Test execution finished: ParaBank Regression Tests
2026-06-08 19:39:07 INFO  TestListener - Test execution started: ParaBank Regression Tests
2026-06-08 19:39:10 INFO  TestListener - Test started: registerNewCustomer
2026-06-08 19:39:12 INFO  TestListener - Test passed: registerNewCustomer
2026-06-08 19:39:14 INFO  TestListener - Test started: invalidLoginTest
2026-06-08 19:39:16 INFO  TestListener - Test passed: invalidLoginTest
2026-06-08 19:39:19 INFO  TestListener - Test started: invalidLoginTest
2026-06-08 19:39:19 INFO  TestListener - Test passed: invalidLoginTest
2026-06-08 19:39:23 INFO  TestListener - Test started: invalidLoginTest
2026-06-08 19:39:23 INFO  TestListener - Test passed: invalidLoginTest
2026-06-08 19:39:25 INFO  TestListener - Test started: validLoginTest
2026-06-08 19:39:28 INFO  TestListener - Test passed: validLoginTest
2026-06-08 19:39:31 INFO  TestListener - Test started: openNewSavingsAccountTest
2026-06-08 19:39:33 INFO  TestListener - Test passed: openNewSavingsAccountTest
2026-06-08 19:39:35 INFO  TestListener - Test started: transferFundsTest
2026-06-08 19:39:38 INFO  TestListener - Test passed: transferFundsTest
2026-06-08 19:39:40 INFO  TestListener - Test started: billPaymentTest
2026-06-08 19:39:43 INFO  TestListener - Test passed: billPaymentTest
2026-06-08 19:39:44 INFO  TestListener - Test started: findTransactionTest
2026-06-08 19:39:49 INFO  TestListener - Test passed: findTransactionTest
2026-06-08 19:39:50 INFO  TestListener - Test started: updateContactInfoTest
2026-06-08 19:39:55 INFO  TestListener - Test passed: updateContactInfoTest
2026-06-08 19:39:57 INFO  TestListener - Test started: requestLoanTest
2026-06-08 19:40:00 INFO  TestListener - Test passed: requestLoanTest
2026-06-08 19:40:02 INFO  TestListener - Test started: logoutTest
2026-06-08 19:40:04 INFO  TestListener - Test passed: logoutTest
2026-06-08 19:40:05 INFO  TestListener - Test execution finished: ParaBank Regression Tests
2026-06-08 22:57:59 INFO  TestListener - Test execution started: ParaBank Regression Tests
2026-06-08 22:58:04 INFO  TestListener - Test started: registerNewCustomer
2026-06-08 22:58:07 INFO  TestListener - Test passed: registerNewCustomer
2026-06-08 22:58:10 INFO  TestListener - Test started: invalidLoginTest
2026-06-08 22:58:11 INFO  TestListener - Test passed: invalidLoginTest
2026-06-08 22:58:13 INFO  TestListener - Test started: invalidLoginTest
2026-06-08 22:58:16 INFO  TestListener - Test passed: invalidLoginTest
2026-06-08 22:58:19 INFO  TestListener - Test started: invalidLoginTest
2026-06-08 22:58:21 INFO  TestListener - Test passed: invalidLoginTest
2026-06-08 22:58:24 INFO  TestListener - Test started: validLoginTest
2026-06-08 22:58:26 INFO  TestListener - Test passed: validLoginTest
2026-06-08 22:58:29 INFO  TestListener - Test started: openNewSavingsAccountTest
2026-06-08 22:58:32 INFO  TestListener - Test passed: openNewSavingsAccountTest
2026-06-08 22:58:34 INFO  TestListener - Test started: transferFundsTest
2026-06-08 22:58:39 INFO  TestListener - Test passed: transferFundsTest
2026-06-08 22:58:41 INFO  TestListener - Test started: billPaymentTest
2026-06-08 22:58:45 INFO  TestListener - Test passed: billPaymentTest
2026-06-08 22:58:47 INFO  TestListener - Test started: findTransactionTest
2026-06-08 22:58:53 INFO  TestListener - Test passed: findTransactionTest
2026-06-08 22:58:57 INFO  TestListener - Test started: updateContactInfoTest
2026-06-08 22:59:00 INFO  TestListener - Test passed: updateContactInfoTest
2026-06-08 22:59:03 INFO  TestListener - Test started: requestLoanTest
2026-06-08 22:59:05 INFO  TestListener - Test passed: requestLoanTest
2026-06-08 22:59:09 INFO  TestListener - Test started: logoutTest
2026-06-08 22:59:12 INFO  TestListener - Test passed: logoutTest
2026-06-08 22:59:13 INFO  TestListener - Test execution finished: ParaBank Regression Tests
2026-06-10 10:01:53 INFO  TestListener - Test execution started: ParaBank Regression Tests
2026-06-10 10:02:01 INFO  TestListener - Test started: registerNewCustomer
2026-06-10 10:02:04 INFO  TestListener - Test passed: registerNewCustomer
2026-06-10 10:02:05 INFO  TestListener - Test started: invalidLoginTest
2026-06-10 10:02:07 INFO  TestListener - Test passed: invalidLoginTest
2026-06-10 10:02:11 INFO  TestListener - Test started: invalidLoginTest
2026-06-10 10:02:12 INFO  TestListener - Test passed: invalidLoginTest
2026-06-10 10:02:13 INFO  TestListener - Test started: invalidLoginTest
2026-06-10 10:02:15 INFO  TestListener - Test passed: invalidLoginTest
2026-06-10 10:02:17 INFO  TestListener - Test started: validLoginTest
2026-06-10 10:02:20 INFO  TestListener - Test passed: validLoginTest
2026-06-10 10:02:22 INFO  TestListener - Test started: openNewSavingsAccountTest
2026-06-10 10:02:26 INFO  TestListener - Test passed: openNewSavingsAccountTest
2026-06-10 10:02:29 INFO  TestListener - Test started: transferFundsTest
2026-06-10 10:02:47 INFO  TestListener - Screenshot attached: screenshots/transferFundsTest_20260610_100247.png
2026-06-10 10:02:47 ERROR TestListener - Test failed: transferFundsTest
org.openqa.selenium.NoSuchElementException: Cannot locate option with index: 0
For documentation on this error, please visit: https://www.selenium.dev/documentation/webdriver/troubleshooting/errors#no-such-element-exception
Build info: version: '4.27.0', revision: 'd6e718d134'
System info: os.name: 'Mac OS X', os.arch: 'aarch64', os.version: '15.7.3', java.version: '26'
Driver info: driver.version: unknown
	at org.openqa.selenium.support.ui.Select.setSelectedByIndex(Select.java:407) ~[selenium-support-4.27.0.jar:?]
	at org.openqa.selenium.support.ui.Select.selectByIndex(Select.java:262) ~[selenium-support-4.27.0.jar:?]
	at pages.TransferFundsPage.transfer(TransferFundsPage.java:33) ~[test-classes/:?]
	at test.ParaBankTest.transferFundsTest(ParaBankTest.java:155) ~[test-classes/:?]
	at java.base/jdk.internal.reflect.DirectMethodHandleAccessor.invoke(DirectMethodHandleAccessor.java:104) ~[?:?]
	at java.base/java.lang.reflect.Method.invoke(Method.java:565) ~[?:?]
	at org.testng.internal.invokers.MethodInvocationHelper.invokeMethod(MethodInvocationHelper.java:141) ~[testng-7.10.2.jar:7.10.2]
	at org.testng.internal.invokers.TestInvoker.invokeMethod(TestInvoker.java:686) [testng-7.10.2.jar:7.10.2]
	at org.testng.internal.invokers.TestInvoker.invokeTestMethod(TestInvoker.java:230) [testng-7.10.2.jar:7.10.2]
	at org.testng.internal.invokers.MethodRunner.runInSequence(MethodRunner.java:63) [testng-7.10.2.jar:7.10.2]
	at org.testng.internal.invokers.TestInvoker$MethodInvocationAgent.invoke(TestInvoker.java:992) [testng-7.10.2.jar:7.10.2]
	at org.testng.internal.invokers.TestInvoker.invokeTestMethods(TestInvoker.java:203) [testng-7.10.2.jar:7.10.2]
	at org.testng.internal.invokers.TestMethodWorker.invokeTestMethods(TestMethodWorker.java:154) [testng-7.10.2.jar:7.10.2]
	at org.testng.internal.invokers.TestMethodWorker.run(TestMethodWorker.java:134) [testng-7.10.2.jar:7.10.2]
	at java.base/java.util.ArrayList.forEach(ArrayList.java:1612) [?:?]
	at org.testng.TestRunner.privateRun(TestRunner.java:739) [testng-7.10.2.jar:7.10.2]
	at org.testng.TestRunner.run(TestRunner.java:614) [testng-7.10.2.jar:7.10.2]
	at org.testng.SuiteRunner.runTest(SuiteRunner.java:421) [testng-7.10.2.jar:7.10.2]
	at org.testng.SuiteRunner.runSequentially(SuiteRunner.java:413) [testng-7.10.2.jar:7.10.2]
	at org.testng.SuiteRunner.privateRun(SuiteRunner.java:373) [testng-7.10.2.jar:7.10.2]
	at org.testng.SuiteRunner.run(SuiteRunner.java:312) [testng-7.10.2.jar:7.10.2]
	at org.testng.SuiteRunnerWorker.runSuite(SuiteRunnerWorker.java:52) [testng-7.10.2.jar:7.10.2]
	at org.testng.SuiteRunnerWorker.run(SuiteRunnerWorker.java:95) [testng-7.10.2.jar:7.10.2]
	at org.testng.TestNG.runSuitesSequentially(TestNG.java:1274) [testng-7.10.2.jar:7.10.2]
	at org.testng.TestNG.runSuitesLocally(TestNG.java:1208) [testng-7.10.2.jar:7.10.2]
	at org.testng.TestNG.runSuites(TestNG.java:1112) [testng-7.10.2.jar:7.10.2]
	at org.testng.TestNG.run(TestNG.java:1079) [testng-7.10.2.jar:7.10.2]
	at org.testng.remote.AbstractRemoteTestNG.run(AbstractRemoteTestNG.java:115) [testng-remote.jar:?]
	at org.testng.remote.RemoteTestNG.initAndRun(RemoteTestNG.java:293) [testng-remote.jar:?]
	at org.testng.remote.RemoteTestNG.main(RemoteTestNG.java:91) [testng-remote.jar:?]
2026-06-10 10:03:05 INFO  TestListener - Test started: billPaymentTest
2026-06-10 10:03:08 INFO  TestListener - Test passed: billPaymentTest
2026-06-10 10:03:09 INFO  TestListener - Test started: findTransactionTest
2026-06-10 10:03:14 INFO  TestListener - Test passed: findTransactionTest
2026-06-10 10:03:16 INFO  TestListener - Test started: updateContactInfoTest
2026-06-10 10:03:20 INFO  TestListener - Test passed: updateContactInfoTest
2026-06-10 10:03:24 INFO  TestListener - Test started: requestLoanTest
2026-06-10 10:03:26 INFO  TestListener - Test passed: requestLoanTest
2026-06-10 10:03:27 INFO  TestListener - Test started: logoutTest
2026-06-10 10:03:31 INFO  TestListener - Test passed: logoutTest
2026-06-10 10:03:31 INFO  TestListener - Test execution finished: ParaBank Regression Tests
2026-06-10 11:25:01 INFO  TestListener - Test execution started: ParaBank Regression Tests
2026-06-10 11:25:09 INFO  TestListener - Test started: registerNewCustomer
2026-06-10 11:25:11 INFO  TestListener - Test passed: registerNewCustomer
2026-06-10 11:25:15 INFO  TestListener - Test started: invalidLoginTest
2026-06-10 11:25:16 INFO  TestListener - Test passed: invalidLoginTest
2026-06-10 11:25:18 INFO  TestListener - Test started: invalidLoginTest
2026-06-10 11:25:20 INFO  TestListener - Test passed: invalidLoginTest
2026-06-10 11:25:23 INFO  TestListener - Test started: invalidLoginTest
2026-06-10 11:25:24 INFO  TestListener - Test passed: invalidLoginTest
2026-06-10 11:25:28 INFO  TestListener - Test started: validLoginTest
2026-06-10 11:25:30 INFO  TestListener - Test passed: validLoginTest
2026-06-10 11:25:31 INFO  TestListener - Test started: openNewSavingsAccountTest
2026-06-10 11:25:35 INFO  TestListener - Test passed: openNewSavingsAccountTest
2026-06-10 11:25:37 INFO  TestListener - Test started: transferFundsTest
2026-06-10 11:25:42 INFO  TestListener - Test passed: transferFundsTest
2026-06-10 11:25:44 INFO  TestListener - Test started: billPaymentTest
2026-06-10 11:25:48 INFO  TestListener - Test passed: billPaymentTest
2026-06-10 11:25:50 INFO  TestListener - Test started: findTransactionTest
2026-06-10 11:25:56 INFO  TestListener - Test passed: findTransactionTest
2026-06-10 11:25:58 INFO  TestListener - Test started: updateContactInfoTest
2026-06-10 11:26:02 INFO  TestListener - Test passed: updateContactInfoTest
2026-06-10 11:26:05 INFO  TestListener - Test started: requestLoanTest
2026-06-10 11:26:07 INFO  TestListener - Test passed: requestLoanTest
2026-06-10 11:26:09 INFO  TestListener - Test started: logoutTest
2026-06-10 11:26:14 INFO  TestListener - Test passed: logoutTest
2026-06-10 11:26:14 INFO  TestListener - Test execution finished: ParaBank Regression Tests
